<?xml version="1.0" encoding="UTF-8"?>
<!-- Generated by org.testng.reporters.JUnitReportReporter -->
<testsuite hostname="DESKTOP-11NHTKV" failures="0" tests="1" name="com.salesforce.qa.testcases.AccountsPageTest" time="107.585" errors="0" timestamp="2023-09-30T23:24:21 IST" skipped="0">
  <testcase classname="com.salesforce.qa.testcases.AccountsPageTest" name="createAccount" time="107.585"/>
  <system-out/>
</testsuite> <!-- com.salesforce.qa.testcases.AccountsPageTest -->
