<?xml version="1.0" encoding="UTF-8"?>
<!-- Generated by org.testng.reporters.JUnitReportReporter -->
<testsuite hostname="DESKTOP-11NHTKV" failures="0" tests="1" name="com.salesforce.qa.testcases.ContactsPageTest" time="51.219" errors="0" timestamp="2023-10-01T15:25:06 IST" skipped="0">
  <testcase classname="com.salesforce.qa.testcases.ContactsPageTest" name="createContact" time="51.219"/>
  <system-out/>
</testsuite> <!-- com.salesforce.qa.testcases.ContactsPageTest -->
